0 info it worked if it ends with ok
1 verbose cli [ 'node', '/usr/local/bin/npm', 'i' ]
2 info using npm@1.4.9
3 info using node@v0.10.28
4 warn package.json @0.0.1 No repository field.
5 verbose readDependencies using package.json deps
6 verbose install where, deps [ '/Users/kjb/summer-training',
6 verbose install   [ 'bower',
6 verbose install     'connect-livereload',
6 verbose install     'express',
6 verbose install     'gulp',
6 verbose install     'gulp-concat',
6 verbose install     'gulp-filter',
6 verbose install     'gulp-jade',
6 verbose install     'gulp-livereload',
6 verbose install     'gulp-livescript',
6 verbose install     'gulp-markdown',
6 verbose install     'gulp-print',
6 verbose install     'gulp-rename',
6 verbose install     'gulp-stylus',
6 verbose install     'gulp-util',
6 verbose install     'LiveScript',
6 verbose install     'main-bower-files',
6 verbose install     'nib',
6 verbose install     'npm',
6 verbose install     'streamqueue',
6 verbose install     'tiny-lr' ] ]
7 info preinstall @0.0.1
8 verbose readDependencies using package.json deps
9 verbose already installed skipping express@~3.4.8 /Users/kjb/summer-training
10 verbose already installed skipping gulp@~3.5.5 /Users/kjb/summer-training
11 verbose already installed skipping gulp-concat@~2.1.7 /Users/kjb/summer-training
12 verbose already installed skipping gulp-filter@~0.3.1 /Users/kjb/summer-training
13 verbose already installed skipping gulp-jade@~0.4.2 /Users/kjb/summer-training
14 verbose already installed skipping gulp-livereload@~1.2.0 /Users/kjb/summer-training
15 verbose already installed skipping gulp-livescript@~0.2.0 /Users/kjb/summer-training
16 verbose already installed skipping gulp-markdown@~0.1.2 /Users/kjb/summer-training
17 verbose already installed skipping gulp-rename@~1.2.0 /Users/kjb/summer-training
18 verbose already installed skipping gulp-print@~1.0.3 /Users/kjb/summer-training
19 verbose already installed skipping gulp-stylus@~0.0.13 /Users/kjb/summer-training
20 verbose already installed skipping gulp-util@~2.2.14 /Users/kjb/summer-training
21 verbose already installed skipping LiveScript@~1.2.0 /Users/kjb/summer-training
22 verbose already installed skipping main-bower-files@~1.0.1 /Users/kjb/summer-training
23 verbose already installed skipping nib@~1.0.1 /Users/kjb/summer-training
24 verbose already installed skipping npm@~1.3.11 /Users/kjb/summer-training
25 verbose already installed skipping streamqueue@~0.0.4 /Users/kjb/summer-training
26 verbose already installed skipping bower@~1.2.7 /Users/kjb/summer-training
27 verbose already installed skipping tiny-lr@0.0.5 /Users/kjb/summer-training
28 verbose already installed skipping connect-livereload@~0.3.2 /Users/kjb/summer-training
29 silly resolved []
30 info build /Users/kjb/summer-training
31 verbose linkStuff [ false, false, false, '/Users/kjb' ]
32 info linkStuff @0.0.1
33 verbose linkBins @0.0.1
34 verbose linkMans @0.0.1
35 verbose rebuildBundles @0.0.1
36 verbose rebuildBundles [ '.bin',
36 verbose rebuildBundles   'LiveScript',
36 verbose rebuildBundles   'bower',
36 verbose rebuildBundles   'connect-livereload',
36 verbose rebuildBundles   'express',
36 verbose rebuildBundles   'gulp',
36 verbose rebuildBundles   'gulp-concat',
36 verbose rebuildBundles   'gulp-filter',
36 verbose rebuildBundles   'gulp-jade',
36 verbose rebuildBundles   'gulp-livereload',
36 verbose rebuildBundles   'gulp-livescript',
36 verbose rebuildBundles   'gulp-markdown',
36 verbose rebuildBundles   'gulp-print',
36 verbose rebuildBundles   'gulp-rename',
36 verbose rebuildBundles   'gulp-stylus',
36 verbose rebuildBundles   'gulp-util',
36 verbose rebuildBundles   'main-bower-files',
36 verbose rebuildBundles   'nib',
36 verbose rebuildBundles   'npm',
36 verbose rebuildBundles   'streamqueue',
36 verbose rebuildBundles   'tiny-lr' ]
37 info install @0.0.1
38 info postinstall @0.0.1
39 verbose unsafe-perm in lifecycle true
40 info @0.0.1 Failed to exec postinstall script
41 error @0.0.1 postinstall: `bower i`
41 error Exit status 1
42 error Failed at the @0.0.1 postinstall script.
42 error This is most likely a problem with the  package,
42 error not with npm itself.
42 error Tell the author that this fails on your system:
42 error     bower i
42 error You can get their info via:
42 error     npm owner ls
42 error There is likely additional logging output above.
43 error System Darwin 13.3.0
44 error command "node" "/usr/local/bin/npm" "i"
45 error cwd /Users/kjb/summer-training
46 error node -v v0.10.28
47 error npm -v 1.4.9
48 error code ELIFECYCLE
49 verbose exit [ 1, true ]
